<?xml version="1.0" encoding="UTF-8"?>
<!-- Generated by org.testng.reporters.JUnitReportReporter -->
<testsuite skipped="0" hostname="DESKTOP-5F5G7UC" name="com.Testng.Amazon_Testng" tests="2" failures="0" timestamp="2022-11-16T23:27:40 IST" time="33.463" errors="0">
  <testcase name="dropDown" time="13.202" classname="com.Testng.Amazon_Testng"/>
  <system-out/>
  <testcase name="valueSelect" time="20.261" classname="com.Testng.Amazon_Testng"/>
  <system-out/>
</testsuite> <!-- com.Testng.Amazon_Testng -->
